<?xml version="1.0" encoding="UTF-8"?>
<!-- Generated by org.testng.reporters.JUnitReportReporter -->
<testsuite name="com.tanmaysarkar.demo.regression.Test_Sample_01" tests="1" time="2.347" ignored="0" failures="0" timestamp="26 Nov 2017 09:47:49 GMT" skipped="0" hostname="xtekimacbook-pro.fritz.box" errors="0">
  <testcase name="newRegistration" time="2.347" classname="com.tanmaysarkar.demo.regression.Test_Sample_01"/>
</testsuite> <!-- com.tanmaysarkar.demo.regression.Test_Sample_01 -->
